<testsuite name="Mocha Tests" tests="5" failures="5" errors="5" skipped="0" timestamp="Fri, 01 Jun 2018 09:08:28 GMT" time="0.048">
<testcase classname="Server launch test" name="should return landing page 1st attempt" time="0"><failure>expected 403 to be 200
</failure></testcase>
<testcase classname="Server launch test" name="should return landing page 2nd attempt" time="0"><failure>expected 403 to be 200
</failure></testcase>
<testcase classname="Server launch test" name="should return landing page 3rd attempt" time="0"><failure>expected 403 to be 200
</failure></testcase>
<testcase classname="Server launch test" name="should return landing page 4th attempt" time="0"><failure>expected 403 to be 200
</failure></testcase>
<testcase classname="Server launch test" name="should return landing page 5th attempt" time="0"><failure>expected 403 to be 200
</failure></testcase>
</testsuite>
