<testsuite name="Mocha Tests" tests="50" failures="16" errors="16" skipped="-5" timestamp="2018-06-15T02:22:29" time="148.121">
<testcase classname="e2e/Group devices: (member1:IOS),(member2:IOS),(member3:IOS) Create group by adding 2 participants. (GROUP-CHAT-TS1-TC1)" name="should has a new group with 2 participants (GROUP-CHAT-TS1-TC1)" time="0.082"><failure message="expected [] to have the same members as [ Array(3) ]"><![CDATA[AssertionError: expected [] to have the same members as [ Array(3) ]
    at Context.it (test/e2e/chat/group_mobile.js:255:72)
    at &#x3C;anonymous&#x3E;
    at process._tickDomainCallback (internal/process/next_tick.js:228:7)]]></failure></testcase>
<testcase classname="e2e/Group devices: (member1:IOS),(member2:IOS),(member3:IOS) Create group with the same participants of existing group. (GROUP-CHAT-TS1-TC2)" name="should: all participants receives a confirmation that group exists" time="0.042"/>
<testcase classname="e2e/Group devices: (member1:IOS),(member2:IOS),(member3:IOS) Check if a group without any message existed. (GROUP-CHAT-TS2-TC1)" name="should successfully clear messages" time="0.001"/>
<testcase classname="e2e/Group devices: (member1:IOS),(member2:IOS),(member3:IOS) Check if a group without any message existed. (GROUP-CHAT-TS2-TC1)" name="should check that the group exists" time="0.008"/>
<testcase classname="e2e/Group devices: (member1:IOS),(member2:IOS),(member3:IOS) Check if a group without any message existed. (GROUP-CHAT-TS2-TC1)" name="should check that the group exists in rooms list" time="0.037"/>
<testcase classname="e2e/Group devices: (member1:IOS),(member2:IOS),(member3:IOS) Add participant to group as Admin. (GROUP-CHAT-TS3-TC1)" name="should successfully invited" time="0.001"/>
<testcase classname="e2e/Group devices: (member1:IOS),(member2:IOS),(member3:IOS) Add participant to group as Admin. (GROUP-CHAT-TS3-TC1)" name="should all members received system events" time="0.001"/>
<testcase classname="e2e/Group devices: (member1:IOS),(member2:IOS),(member3:IOS) Add participant to group as Admin. (GROUP-CHAT-TS3-TC1)" name="should have participant in room" time="0.008"/>
<testcase classname="e2e/Group devices: (member1:IOS),(member2:IOS),(member3:IOS) Add participant to group as NOT Admin. (GROUP-CHAT-TS3-TC8)" name="should receive error when invited" time="0.005"/>
<testcase classname="e2e/Group devices: (member1:IOS),(member2:IOS),(member3:IOS) Add participant to group as NOT Admin. (GROUP-CHAT-TS3-TC8)" name="should no members received system events" time="0.999"/>
<testcase classname="e2e/Group devices: (member1:IOS),(member2:IOS),(member3:IOS) Add participant to group as NOT Admin. (GROUP-CHAT-TS3-TC8)" name="should NOT have new participant in room" time="0.007"/>
<testcase classname="e2e/Group devices: (member1:IOS),(member2:IOS),(member3:IOS) Add participant to group as NOT Admin. (GROUP-CHAT-TS3-TC8)" name="&#x22;after all&#x22; hook: when" time="8.001"><failure message="Timeout of 8000ms exceeded. For async tests and hooks, ensure &#x26;#x22;done()&#x26;#x22; is called; if returning a Promise, ensure it resolves. (/Users/simrankherajani/projects/mverf-msdkdriver-testcase-ios-sdk/test/e2e/chat/group_mobile.js)"><![CDATA[Error: Timeout of 8000ms exceeded. For async tests and hooks, ensure &#x22;done()&#x22; is called; if returning a Promise, ensure it resolves. (/Users/simrankherajani/projects/mverf-msdkdriver-testcase-ios-sdk/test/e2e/chat/group_mobile.js)]]></failure></testcase>
<testcase classname="e2e/Group devices: (member1:IOS),(member2:IOS),(member3:IOS) Kick participants in a group as Admin. (GROUP-CHAT-TS3-TC3)" name="should participant be kicked" time="0"/>
<testcase classname="e2e/Group devices: (member1:IOS),(member2:IOS),(member3:IOS) Kick participants in a group as Admin. (GROUP-CHAT-TS3-TC3)" name="should all receive participant left event" time="0.067"/>
<testcase classname="e2e/Group devices: (member1:IOS),(member2:IOS),(member3:IOS) Kick participants in a group as NOT Admin. (GROUP-CHAT-TS3-TC6)" name="should participant NOT be kicked" time="0"/>
<testcase classname="e2e/Group devices: (member1:IOS),(member2:IOS),(member3:IOS) Kick participants in a group as NOT Admin. (GROUP-CHAT-TS3-TC6)" name="should all NOT receive participant left events" time="1.003"/>
<testcase classname="e2e/Group devices: (member1:IOS),(member2:IOS),(member3:IOS) Kick participants in a group as NOT Admin. (GROUP-CHAT-TS3-TC6)" name="&#x22;after all&#x22; hook: when" time="8"><failure message="Timeout of 8000ms exceeded. For async tests and hooks, ensure &#x26;#x22;done()&#x26;#x22; is called; if returning a Promise, ensure it resolves. (/Users/simrankherajani/projects/mverf-msdkdriver-testcase-ios-sdk/test/e2e/chat/group_mobile.js)"><![CDATA[Error: Timeout of 8000ms exceeded. For async tests and hooks, ensure &#x22;done()&#x22; is called; if returning a Promise, ensure it resolves. (/Users/simrankherajani/projects/mverf-msdkdriver-testcase-ios-sdk/test/e2e/chat/group_mobile.js)]]></failure></testcase>
<testcase classname="e2e/Group devices: (member1:IOS),(member2:IOS),(member3:IOS) Been Kick out in a group (GROUP-CHAT-TS3-TC10)" name="should participant be kicked" time="0.001"/>
<testcase classname="e2e/Group devices: (member1:IOS),(member2:IOS),(member3:IOS) Been Kick out in a group (GROUP-CHAT-TS3-TC10)" name="should all receive participant left events" time="0.071"/>
<testcase classname="e2e/Group devices: (member1:IOS),(member2:IOS),(member3:IOS) Been Kick out in a group (GROUP-CHAT-TS3-TC10)" name="should not see other people sent message" time="1.005"/>
<testcase classname="e2e/Group devices: (member1:IOS),(member2:IOS),(member3:IOS) Been Kick out in a group (GROUP-CHAT-TS3-TC10)" name="should kicked participant not be able to send message in left group" time="2.007"><failure message="Timeout of 2000ms exceeded. For async tests and hooks, ensure &#x26;#x22;done()&#x26;#x22; is called; if returning a Promise, ensure it resolves. (/Users/simrankherajani/projects/mverf-msdkdriver-testcase-ios-sdk/test/e2e/chat/group_mobile.js)"><![CDATA[Error: Timeout of 2000ms exceeded. For async tests and hooks, ensure &#x22;done()&#x22; is called; if returning a Promise, ensure it resolves. (/Users/simrankherajani/projects/mverf-msdkdriver-testcase-ios-sdk/test/e2e/chat/group_mobile.js)]]></failure></testcase>
<testcase classname="e2e/Group devices: (member1:IOS),(member2:IOS),(member3:IOS) Been Kick out in a group (GROUP-CHAT-TS3-TC10)" name="&#x22;after all&#x22; hook: when" time="8.001"><failure message="Timeout of 8000ms exceeded. For async tests and hooks, ensure &#x26;#x22;done()&#x26;#x22; is called; if returning a Promise, ensure it resolves. (/Users/simrankherajani/projects/mverf-msdkdriver-testcase-ios-sdk/test/e2e/chat/group_mobile.js)"><![CDATA[Error: Timeout of 8000ms exceeded. For async tests and hooks, ensure &#x22;done()&#x22; is called; if returning a Promise, ensure it resolves. (/Users/simrankherajani/projects/mverf-msdkdriver-testcase-ios-sdk/test/e2e/chat/group_mobile.js)]]></failure></testcase>
<testcase classname="e2e/Group devices: (member1:IOS),(member2:IOS),(member3:IOS) Leave an existing group. (GROUP-CHAT-TS5-TC1)" name="should participant in group receive group participant left" time="2.003"><failure message="Timeout of 2000ms exceeded. For async tests and hooks, ensure &#x26;#x22;done()&#x26;#x22; is called; if returning a Promise, ensure it resolves. (/Users/simrankherajani/projects/mverf-msdkdriver-testcase-ios-sdk/test/e2e/chat/group_mobile.js)"><![CDATA[Error: Timeout of 2000ms exceeded. For async tests and hooks, ensure &#x22;done()&#x22; is called; if returning a Promise, ensure it resolves. (/Users/simrankherajani/projects/mverf-msdkdriver-testcase-ios-sdk/test/e2e/chat/group_mobile.js)]]></failure></testcase>
<testcase classname="e2e/Group devices: (member1:IOS),(member2:IOS),(member3:IOS) Leave an existing group. (GROUP-CHAT-TS5-TC1)" name="should not see other people sent message" time="1.006"/>
<testcase classname="e2e/Group devices: (member1:IOS),(member2:IOS),(member3:IOS) Leave an existing group. (GROUP-CHAT-TS5-TC1)" name="should left participant not be able to send message in group left" time="0.025"><failure message="expected promise to be rejected but it was fulfilled with [ Array(1) ]"><![CDATA[AssertionError: expected promise to be rejected but it was fulfilled with [ Array(1) ]
    at assertIfNotNegated (node_modules/chai-as-promised/lib/chai-as-promised.js:68:19)
    at getBasePromise.then.value (node_modules/chai-as-promised/lib/chai-as-promised.js:115:17)
    at &#x3C;anonymous&#x3E;
    at process._tickDomainCallback (internal/process/next_tick.js:228:7)]]></failure></testcase>
<testcase classname="e2e/Group devices: (member1:IOS),(member2:IOS),(member3:IOS) Update all group properties. (GROUP-CHAT-TS3)" name="should set properties" time="0.06"/>
<testcase classname="e2e/Group devices: (member1:IOS),(member2:IOS),(member3:IOS) Update all group properties. (GROUP-CHAT-TS3)" name="should updated properties" time="2.93"><failure message="expected promise to be fulfilled but it was rejected with &#x26;#x27;TimeoutError: Timeout has occurred&#x26;#x27;"><![CDATA[AssertionError: expected promise to be fulfilled but it was rejected with &#x27;TimeoutError: Timeout has occurred&#x27;
    at assertIfNotNegated (node_modules/chai-as-promised/lib/chai-as-promised.js:68:19)
    at getBasePromise.then.reason (node_modules/chai-as-promised/lib/chai-as-promised.js:101:17)
    at tryCatcher (node_modules/bluebird/js/release/util.js:16:23)
    at Promise._settlePromiseFromHandler (node_modules/bluebird/js/release/promise.js:512:31)
    at Promise._settlePromise (node_modules/bluebird/js/release/promise.js:569:18)
    at Promise._settlePromise0 (node_modules/bluebird/js/release/promise.js:614:10)
    at Promise._settlePromises (node_modules/bluebird/js/release/promise.js:689:18)
    at Async._drainQueue (node_modules/bluebird/js/release/async.js:133:16)
    at Async._drainQueues (node_modules/bluebird/js/release/async.js:143:10)
    at Immediate.Async.drainQueues (node_modules/bluebird/js/release/async.js:17:14)]]></failure></testcase>
<testcase classname="e2e/Group devices: (member1:IOS),(member2:IOS),(member3:IOS) Remove an existing group (GROUP-CHAT-TS4)" name="should successfully remove room" time="0.001"/>
<testcase classname="e2e/Group devices: (member1:IOS),(member2:IOS),(member3:IOS) Remove an existing group (GROUP-CHAT-TS4)" name="should receive ROOM_REMOVED event" time="0"/>
<testcase classname="e2e/Group devices: (member1:IOS),(member2:IOS),(member3:IOS) Remove an existing group (GROUP-CHAT-TS4)" name="should not be able to get the room anymore" time="0.009"/>
<testcase classname="e2e/Group devices: (member1:IOS),(member2:IOS),(member3:IOS) Remove an existing group (GROUP-CHAT-TS4)" name="should not be able to find the room in room list anymore" time="0.081"/>
<testcase classname="e2e/Group devices: (member1:IOS),(member2:IOS),(member3:IOS) Get statistic of group: Chatroom with no messages (GROUP-CHAT-TS2-TC2)" name="should receive that there are no unread messages" time="0.001"/>
<testcase classname="e2e/Group devices: (member1:IOS),(member2:IOS),(member3:IOS) Get statistic of group: Chatroom with no messages (GROUP-CHAT-TS2-TC2)" name="should receive that there are no messages in the room" time="0"/>
<testcase classname="e2e/Group devices: (member1:IOS),(member2:IOS),(member3:IOS) Chatroom with some messages that are all read already (GROUP-CHAT-TS2-TC6)" name="should receive that there are no unread messages" time="0"/>
<testcase classname="e2e/Group devices: (member1:IOS),(member2:IOS),(member3:IOS) Chatroom with some messages that are all read already (GROUP-CHAT-TS2-TC6)" name="should receive that there are 3 messages in the room" time="0.001"/>
<testcase classname="e2e/Group devices: (member1:IOS),(member2:IOS),(member3:IOS) Chatroom with no read messages and some unread messages (GROUP-CHAT-TS2-TC7)" name="I should receive that there is no unread messages and other members should receive that there are 3 unread messages" time="0.002"/>
<testcase classname="e2e/Group devices: (member1:IOS),(member2:IOS),(member3:IOS) Chatroom with no read messages and some unread messages (GROUP-CHAT-TS2-TC7)" name="all members should receive that there are 3 messages in the room" time="0.001"/>
<testcase classname="e2e/Group devices: (member1:IOS),(member2:IOS),(member3:IOS) Chatroom with some read messages and some unread messages (GROUP-CHAT-TS2-TC8)" name="&#x22;before all&#x22; hook: given" time="3.002"><failure message="Timeout of 3000ms exceeded. For async tests and hooks, ensure &#x26;#x22;done()&#x26;#x22; is called; if returning a Promise, ensure it resolves. (/Users/simrankherajani/projects/mverf-msdkdriver-testcase-ios-sdk/test/e2e/chat/group_mobile.js)"><![CDATA[Error: Timeout of 3000ms exceeded. For async tests and hooks, ensure &#x22;done()&#x22; is called; if returning a Promise, ensure it resolves. (/Users/simrankherajani/projects/mverf-msdkdriver-testcase-ios-sdk/test/e2e/chat/group_mobile.js)]]></failure></testcase>
<testcase classname="e2e/Group devices: (member1:IOS),(member2:IOS),(member3:IOS) Get participants in a group (GROUP-CHAT-TS2-TC9)" name="should receive the participants of the group" time="0.001"/>
<testcase classname="e2e/Group devices: (member1:IOS),(member2:IOS),(member3:IOS) Get participants in a group (GROUP-CHAT-TS2-TC9)" name="&#x22;after all&#x22; hook: after" time="8.006"><failure message="Timeout of 8000ms exceeded. For async tests and hooks, ensure &#x26;#x22;done()&#x26;#x22; is called; if returning a Promise, ensure it resolves. (/Users/simrankherajani/projects/mverf-msdkdriver-testcase-ios-sdk/test/e2e/chat/group_mobile.js)"><![CDATA[Error: Timeout of 8000ms exceeded. For async tests and hooks, ensure &#x22;done()&#x22; is called; if returning a Promise, ensure it resolves. (/Users/simrankherajani/projects/mverf-msdkdriver-testcase-ios-sdk/test/e2e/chat/group_mobile.js)]]></failure></testcase>
<testcase classname="e2e/Group devices: (member1:IOS),(member2:IOS),(member3:IOS) Get max allowed participant count in a group (GROUP-CHAT-TS2-TC10)" name="should receive number which is defined on the server side" time="0.001"/>
<testcase classname="e2e/Group devices: (member1:IOS),(member2:IOS),(member3:IOS) Promote (GROUP-CHAT-TS5-TC1)" name="Users receive role change events in the group" time="0"/>
<testcase classname="e2e/Group devices: (member1:IOS),(member2:IOS),(member3:IOS) Promote (GROUP-CHAT-TS5-TC1)" name="User promoted becomes admin in the group for all member" time="0.014"><failure message="expected all elements of [ Array(3) ] to have property &#x26;#x27;role&#x26;#x27;"><![CDATA[AssertionError: expected all elements of [ Array(3) ] to have property &#x27;role&#x27;
    at Proxy.allMethod (node_modules/chai-things/lib/chai-things.js:165:25)
    at Proxy.allMethod (node_modules/chai-things/lib/chai-things.js:187:27)
    at Proxy.overwritingMethodWrapper (node_modules/chai/lib/chai/utils/overwriteMethod.js:78:33)
    at Context.it (test/e2e/chat/group_mobile.js:1200:54)
    at &#x3C;anonymous&#x3E;]]></failure></testcase>
<testcase classname="e2e/Group devices: (member1:IOS),(member2:IOS),(member3:IOS) Promote (GROUP-CHAT-TS5-TC1)" name="And current admin stay as Admin" time="0.007"><failure message="my role shouldn&#x26;#x27;t be changed: expected undefined to equal &#x26;#x27;admin&#x26;#x27;"><![CDATA[AssertionError: my role shouldn&#x27;t be changed: expected undefined to equal &#x27;admin&#x27;
    at Context.it (test/e2e/chat/group_mobile.js:1208:60)
    at &#x3C;anonymous&#x3E;
    at process._tickDomainCallback (internal/process/next_tick.js:228:7)]]></failure></testcase>
<testcase classname="e2e/Group devices: (member1:IOS),(member2:IOS),(member3:IOS) Promote (GROUP-CHAT-TS5-TC1)" name="And System will send a message in the chatroom the user has been promoted" time="2.006"><failure message="Timeout of 2000ms exceeded. For async tests and hooks, ensure &#x26;#x22;done()&#x26;#x22; is called; if returning a Promise, ensure it resolves. (/Users/simrankherajani/projects/mverf-msdkdriver-testcase-ios-sdk/test/e2e/chat/group_mobile.js)"><![CDATA[Error: Timeout of 2000ms exceeded. For async tests and hooks, ensure &#x22;done()&#x22; is called; if returning a Promise, ensure it resolves. (/Users/simrankherajani/projects/mverf-msdkdriver-testcase-ios-sdk/test/e2e/chat/group_mobile.js)]]></failure></testcase>
<testcase classname="e2e/Group devices: (member1:IOS),(member2:IOS),(member3:IOS) Promote (GROUP-CHAT-TS5-TC1) Demote (GROUP-CHAT-TS5-TC1)" name="Users receive role change events in the group" time="0.078"/>
<testcase classname="e2e/Group devices: (member1:IOS),(member2:IOS),(member3:IOS) Promote (GROUP-CHAT-TS5-TC1) Demote (GROUP-CHAT-TS5-TC1)" name="User demoted becomes member in the group for all member" time="0.012"><failure message="expected all elements of [ Array(3) ] to have property &#x26;#x27;role&#x26;#x27;"><![CDATA[AssertionError: expected all elements of [ Array(3) ] to have property &#x27;role&#x27;
    at Proxy.allMethod (node_modules/chai-things/lib/chai-things.js:165:25)
    at Proxy.allMethod (node_modules/chai-things/lib/chai-things.js:187:27)
    at Proxy.overwritingMethodWrapper (node_modules/chai/lib/chai/utils/overwriteMethod.js:78:33)
    at Context.it (test/e2e/chat/group_mobile.js:1259:55)
    at &#x3C;anonymous&#x3E;]]></failure></testcase>
<testcase classname="e2e/Group devices: (member1:IOS),(member2:IOS),(member3:IOS) Promote (GROUP-CHAT-TS5-TC1) Demote (GROUP-CHAT-TS5-TC1)" name="And current admin stay as Admin" time="0.007"><failure message="my role shouldn&#x26;#x27;t be changed: expected undefined to equal &#x26;#x27;admin&#x26;#x27;"><![CDATA[AssertionError: my role shouldn&#x27;t be changed: expected undefined to equal &#x27;admin&#x27;
    at Context.it (test/e2e/chat/group_mobile.js:1267:62)
    at &#x3C;anonymous&#x3E;
    at process._tickDomainCallback (internal/process/next_tick.js:228:7)]]></failure></testcase>
<testcase classname="e2e/Group devices: (member1:IOS),(member2:IOS),(member3:IOS) Promote (GROUP-CHAT-TS5-TC1) Demote (GROUP-CHAT-TS5-TC1)" name="And System will send a message in the chatroom the user has been demoted" time="2.002"><failure message="Timeout of 2000ms exceeded. For async tests and hooks, ensure &#x26;#x22;done()&#x26;#x22; is called; if returning a Promise, ensure it resolves. (/Users/simrankherajani/projects/mverf-msdkdriver-testcase-ios-sdk/test/e2e/chat/group_mobile.js)"><![CDATA[Error: Timeout of 2000ms exceeded. For async tests and hooks, ensure &#x22;done()&#x22; is called; if returning a Promise, ensure it resolves. (/Users/simrankherajani/projects/mverf-msdkdriver-testcase-ios-sdk/test/e2e/chat/group_mobile.js)]]></failure></testcase>
<testcase classname="e2e/Group devices: (member1:IOS),(member2:IOS),(member3:IOS) Send single text message in group (GROUP-CHAT-TS6-TC1)" name="should check message sent succesfull" time="0"/>
<testcase classname="e2e/Group devices: (member1:IOS),(member2:IOS),(member3:IOS) Send single text message in group (GROUP-CHAT-TS6-TC1)" name="should check all member recieve events(GROUP-CHAT-TS6-TC1) " time="0.065"/>
<testcase classname="e2e/Group devices: (member1:IOS),(member2:IOS),(member3:IOS) Send single text message in group (GROUP-CHAT-TS6-TC1)" name="should check message deleivered successfully(GROUP-CHAT-TS6-TC1) " time="0.043"/>
<testcase classname="e2e/Group devices: (member1:IOS),(member2:IOS),(member3:IOS) Send single text message with unicode (GROUP-CHAT-TS6-TC2)" name="should check message sent succesfull" time="0"/>
<testcase classname="e2e/Group devices: (member1:IOS),(member2:IOS),(member3:IOS) Send single text message with unicode (GROUP-CHAT-TS6-TC2)" name="should check all member recieve events(GROUP-CHAT-TS6-TC1) " time="0.013"/>
<testcase classname="e2e/Group devices: (member1:IOS),(member2:IOS),(member3:IOS) Send single text message with unicode (GROUP-CHAT-TS6-TC2)" name="should check message deleivered successfully(GROUP-CHAT-TS6-TC1) " time="0.873"/>
</testsuite>
